<?xml version="1.0" encoding="UTF-8"?>
<!-- Generated by org.testng.reporters.JUnitReportReporter -->
<testsuite hostname="DESKTOP-50ERBGQ" failures="0" tests="1" name="selenium_basics.Learn_Alert" time="5.359" errors="0" timestamp="2023-02-07T11:00:46 IST" skipped="0">
  <testcase classname="selenium_basics.Learn_Alert" name="Learn_Alert" time="5.359"/>
  <system-out/>
</testsuite> <!-- selenium_basics.Learn_Alert -->
