<?xml version="1.0" encoding="UTF-8"?>
<!-- Generated by org.testng.reporters.JUnitReportReporter -->
<testsuite hostname="DESKTOP-50ERBGQ" failures="0" tests="1" name="selenium_basics.Learn_locators" time="8.685" errors="0" timestamp="2023-02-05T21:25:10 IST" skipped="0">
  <testcase classname="selenium_basics.Learn_locators" name="locators" time="8.685"/>
  <system-out/>
</testsuite> <!-- selenium_basics.Learn_locators -->
