<?xml version="1.0" encoding="UTF-8"?>
<!-- Generated by org.testng.reporters.JUnitReportReporter -->
<testsuite hostname="DESKTOP-50ERBGQ" failures="0" tests="1" name="selenium_basics.Browser_Operations" time="8.783" errors="0" timestamp="2023-02-07T10:51:31 IST" skipped="0">
  <testcase classname="selenium_basics.Browser_Operations" name="Browser_Operations" time="8.783"/>
  <system-out/>
</testsuite> <!-- selenium_basics.Browser_Operations -->
