<?xml version="1.0" encoding="UTF-8"?>
<!-- Generated by org.testng.reporters.JUnitReportReporter -->
<testsuite hostname="DESKTOP-50ERBGQ" failures="0" tests="1" name="selenium_basics.Login_test" time="5.540" errors="0" timestamp="2023-02-05T10:57:51 IST" skipped="0">
  <testcase classname="selenium_basics.Login_test" name="locators" time="5.540"/>
  <system-out/>
</testsuite> <!-- selenium_basics.Login_test -->
