<?xml version="1.0" encoding="UTF-8"?>
<!-- Generated by org.testng.reporters.JUnitReportReporter -->
<testsuite hostname="DESKTOP-50ERBGQ" failures="0" tests="1" name="selenium_basics.Learn_Dropdown" time="16.767" errors="0" timestamp="2023-02-11T22:06:28 IST" skipped="0">
  <testcase classname="selenium_basics.Learn_Dropdown" name="AutosuggetiveDropdown" time="16.767"/>
  <system-out/>
</testsuite> <!-- selenium_basics.Learn_Dropdown -->
