<?xml version="1.0" encoding="UTF-8"?>
<!-- Generated by org.testng.reporters.JUnitReportReporter -->
<testsuite hostname="DESKTOP-50ERBGQ" failures="0" tests="1" name="selenium_basics.Learn_Static_Dropdown" time="4.510" errors="0" timestamp="2023-02-11T14:05:17 IST" skipped="0">
  <testcase classname="selenium_basics.Learn_Static_Dropdown" name="staticDropdown" time="4.510"/>
  <system-out/>
</testsuite> <!-- selenium_basics.Learn_Static_Dropdown -->
