<?xml version="1.0" encoding="UTF-8"?>
<!-- Generated by org.testng.reporters.JUnitReportReporter -->
<testsuite hostname="DESKTOP-50ERBGQ" failures="0" tests="2" name="selenium4.selenium4_features" time="10.268" errors="0" timestamp="2023-02-10T12:17:04 IST" skipped="0">
  <testcase classname="selenium4.selenium4_features" name="getDimensions" time="4.827"/>
  <system-out/>
  <testcase classname="selenium4.selenium4_features" name="WebElemtnScreenshot" time="5.441"/>
  <system-out/>
</testsuite> <!-- selenium4.selenium4_features -->
