<?xml version="1.0" encoding="UTF-8"?>
<!-- Generated by org.testng.reporters.JUnitReportReporter -->
<testsuite hostname="DESKTOP-50ERBGQ" failures="0" tests="3" name="selenium_basics.Learn_Screen_shot" time="16.929" errors="0" timestamp="2023-02-06T11:30:24 IST" skipped="0">
  <testcase classname="selenium_basics.Learn_Screen_shot" name="Learn_Screen_shot" time="4.945"/>
  <system-out/>
  <testcase classname="selenium_basics.Learn_Screen_shot" name="Learn_Element_Screenshot" time="3.708"/>
  <system-out/>
  <testcase classname="selenium_basics.Learn_Screen_shot" name="Learn_Full_Page_Screenshot" time="8.276"/>
  <system-out/>
</testsuite> <!-- selenium_basics.Learn_Screen_shot -->
